2021-05-11 20:01:36,511-utils-DEBUG-Создан штрихкод 123456789123
2021-05-11 20:02:04,950-utils-DEBUG-Размеры шрифта (18, 37); Кол-во символов 81
2021-05-11 20:02:04,962-utils-DEBUG-Создан штрихкод 123456789123
2021-05-11 20:02:04,978-utils-DEBUG-Создана этикетка с 123456789123 для ТЕст
2021-05-11 20:08:48,821-utils-DEBUG-Размеры шрифта (18, 37); Кол-во символов 93
2021-05-11 20:08:48,834-utils-DEBUG-Создан штрихкод 123456789123
2021-05-11 20:08:48,856-utils-DEBUG-Создана этикетка с 123456789123 для Тест
2021-05-11 20:13:04,755-utils-DEBUG-Размеры шрифта (18, 37); Кол-во символов 89
2021-05-11 20:13:04,766-utils-DEBUG-Создан штрихкод 123456789123
2021-05-11 20:13:04,788-utils-DEBUG-Создана этикетка с 123456789123 для АО "ОЗ ТЕСТ"
2021-05-11 20:13:11,567-utils-DEBUG-Размеры шрифта (18, 37); Кол-во символов 89
2021-05-11 20:13:11,577-utils-DEBUG-Создан штрихкод 123456789123
2021-05-11 20:13:11,593-utils-DEBUG-Создана этикетка с 123456789123 для АО "ОЗ ТЕСТ"
2021-05-11 20:14:04,501-utils-DEBUG-Размеры шрифта (18, 37); Кол-во символов 28
2021-05-11 20:14:04,508-utils-DEBUG-Создан штрихкод 123456789123
2021-05-11 20:14:04,534-utils-DEBUG-Создана этикетка с 123456789123 для Александр
2021-05-11 20:15:20,944-utils-DEBUG-Размеры шрифта (18, 37); Кол-во символов 28
2021-05-11 20:15:20,950-utils-DEBUG-Создан штрихкод 123456789123
2021-05-11 20:15:20,977-utils-DEBUG-Создана этикетка с 123456789123 для Александр
2021-05-11 20:18:48,897-utils-DEBUG-Размеры шрифта (18, 37); Кол-во символов 28
2021-05-11 20:18:48,903-utils-DEBUG-Создан штрихкод 123456789123
2021-05-11 20:18:48,927-utils-DEBUG-Создана этикетка с 123456789123 для Александр
2021-05-11 20:23:04,042-utils-DEBUG-Создан штрихкод 123456789123
2021-05-11 20:23:58,812-utils-DEBUG-Размеры шрифта (18, 37); Кол-во символов 27
2021-05-11 20:23:58,818-utils-DEBUG-Создан штрихкод 123456789123
2021-05-11 20:23:58,833-utils-DEBUG-Создана этикетка с 123456789123 для Этикетка
2021-05-11 20:25:52,010-utils-DEBUG-Создан штрихкод 123456789123
2021-05-11 20:25:56,265-utils-DEBUG-Размеры шрифта (18, 37); Кол-во символов 28
2021-05-11 20:25:56,271-utils-DEBUG-Создан штрихкод 123456789123
2021-05-11 20:25:56,288-utils-DEBUG-Создана этикетка с 123456789123 для Александр
2021-05-11 20:26:07,851-utils-DEBUG-Размеры шрифта (18, 37); Кол-во символов 34
2021-05-11 20:26:07,860-utils-DEBUG-Создан штрихкод 123456789123
2021-05-11 20:26:07,876-utils-DEBUG-Создана этикетка с 123456789123 для Александрffffff
2021-05-11 20:29:06,265-utils-DEBUG-Размеры шрифта (18, 37); Кол-во символов 33
2021-05-11 20:29:06,272-utils-DEBUG-Создан штрихкод 123456789123
2021-05-11 20:29:06,296-utils-DEBUG-Создана этикетка с 123456789123 для Aleksandr Petr
2021-05-11 20:33:01,407-utils-DEBUG-Размеры шрифта (18, 37); Кол-во символов 162
2021-05-11 20:33:01,423-utils-DEBUG-Создан штрихкод 123456789123
2021-05-11 20:33:01,445-utils-DEBUG-Создана этикетка с 123456789123 для Тестовая организация
2021-05-11 20:34:18,544-utils-DEBUG-Размеры шрифта (18, 37); Кол-во символов 71
2021-05-11 20:34:18,555-utils-DEBUG-Создан штрихкод 123456789123
2021-05-11 20:34:18,578-utils-DEBUG-Создана этикетка с 123456789123 для АО "ОЗ ТЕСТ"
2021-05-11 20:36:41,755-utils-DEBUG-Размеры шрифта (18, 37); Кол-во символов 31
2021-05-11 20:36:41,761-utils-DEBUG-Создан штрихкод 123456789123
2021-05-11 20:36:41,783-utils-DEBUG-Создана этикетка с 123456789123 для АО "ОЗ ТЕСТ"
2021-05-11 20:37:03,898-utils-DEBUG-Создан штрихкод 123456789123
2021-05-11 20:37:07,865-utils-DEBUG-Размеры шрифта (18, 37); Кол-во символов 28
2021-05-11 20:37:07,871-utils-DEBUG-Создан штрихкод 123456789123
2021-05-11 20:37:07,883-utils-DEBUG-Создана этикетка с 123456789123 для Александр
2021-05-11 20:38:16,391-utils-DEBUG-Размеры шрифта (18, 37); Кол-во символов 28
2021-05-11 20:38:16,397-utils-DEBUG-Создан штрихкод 123456789123
2021-05-11 20:38:16,420-utils-DEBUG-Создана этикетка с 123456789123 для Александр
2021-05-11 20:38:33,970-utils-DEBUG-Размеры шрифта (18, 37); Кол-во символов 28
2021-05-11 20:38:33,976-utils-DEBUG-Создан штрихкод 123456789123
2021-05-11 20:38:34,002-utils-DEBUG-Создана этикетка с 123456789123 для Александр
